<?xml version="1.0" encoding="UTF-8"?>
<testng-results skipped="0" failed="0" ignored="0" total="0" passed="0">
  <reporter-output>
  </reporter-output>
  <suite name="Surefire suite" duration-ms="6428" started-at="2022-03-07T20:21:34 CST" finished-at="2022-03-07T20:21:41 CST">
    <groups>
    </groups>
    <test name="Surefire test" duration-ms="6428" started-at="2022-03-07T20:21:34 CST" finished-at="2022-03-07T20:21:41 CST">
    </test> <!-- Surefire test -->
  </suite> <!-- Surefire suite -->
</testng-results>
